[2026-03-16 21:28:58] === auto_recording_import 開始 ===
[2026-03-16 21:28:58] [SKIP] 形式不一致（YYYY-MM-DD_{meeting-name}.m4a ではない）: GMT20260316-035529_Recording.m4a
[2026-03-16 21:28:58] === 完了: 投入=0 スキップ=1（検出=1 件）===
[2026-03-16 21:34:54] === auto_recording_import 開始 ===
[2026-03-16 21:34:54] [SUBMIT] 2026-03-16_Leader_Meeting.m4a → held_at=2026-03-16, meeting_name=Leader_Meeting
[INFO] ai-l40s に空きあり → ai-l40s に投入します
Submitted batch job 152327
[2026-03-16 21:34:54] === 完了: 投入=1 スキップ=0（検出=1 件）===
[2026-03-16 21:38:52] === auto_recording_import 開始 ===
[2026-03-16 21:38:52] 対象ファイルなし（data/*.m4a が存在しません）
[2026-03-16 21:38:52] === 完了 ===
[2026-03-16 21:40:42] === auto_recording_import 開始 ===
[2026-03-16 21:40:42] 対象ファイルなし（data/*.m4a が存在しません）
[2026-03-16 21:40:42] === 完了 ===
[2026-03-16 21:42:17] === auto_recording_import 開始 ===
[2026-03-16 21:42:54] === auto_recording_import 開始 ===
[2026-03-16 21:43:24] === auto_recording_import 開始 ===
[2026-03-16 21:43:24] 対象ファイルなし（data/*.m4a が存在しません）
[2026-03-16 21:43:24] === 完了 ===
[2026-03-16 21:43:46] === auto_recording_import 開始 ===
[2026-03-16 21:43:46] 対象ファイルなし（data/*.m4a が存在しません）
[2026-03-16 21:43:46] === 完了 ===
[2026-03-16 21:50:56] === auto_recording_import 開始 ===
[2026-03-16 21:50:56] 対象ファイルなし（data/*.m4a が存在しません）
[2026-03-16 21:50:56] === 完了 ===
[2026-03-16 21:51:26] === auto_recording_import 開始 ===
[2026-03-16 21:51:26] 対象ファイルなし（data/*.m4a が存在しません）
[2026-03-16 21:51:26] === 完了 ===
[2026-03-16 21:52:07] === auto_recording_import 開始 ===
[2026-03-16 21:52:07] [SUBMIT] 2026-03-16_Leader_Meeting.m4a → held_at=2026-03-16, meeting_name=Leader_Meeting
[INFO] ai-l40s に空きあり → ai-l40s に投入します
Submitted batch job 152328
[2026-03-16 21:52:07] === 完了: 投入=1 スキップ=0（検出=1 件）===
[2026-03-16 21:54:31] === auto_recording_import 開始 ===
[2026-03-16 21:54:31] [SUBMIT] 2026-03-09_Leader_Meeting.m4a → held_at=2026-03-09, meeting_name=Leader_Meeting
[INFO] ai-l40s に空きあり → ai-l40s に投入します
Submitted batch job 152329
[2026-03-16 21:54:31] [SUBMIT] 2026-03-16_Leader_Meeting.m4a → held_at=2026-03-16, meeting_name=Leader_Meeting
[INFO] ai-l40s に空きあり → ai-l40s に投入します
Submitted batch job 152330
[2026-03-16 21:54:31] === 完了: 投入=2 スキップ=0（検出=2 件）===
[2026-03-16 22:00:42] === auto_recording_import 開始 ===
[2026-03-16 22:00:42] [QUEUE] 2026-01-08_BenchmarkWG_Meeting.m4a → held_at=2026-01-08, meeting_name=BenchmarkWG_Meeting
[2026-03-16 22:00:42] [QUEUE] 2026-01-08_Co-design_Review_Meeting.m4a → held_at=2026-01-08, meeting_name=Co-design_Review_Meeting
[2026-03-16 22:00:42] [QUEUE] 2026-01-14_SubWG3_Meeting.m4a → held_at=2026-01-14, meeting_name=SubWG3_Meeting
[2026-03-16 22:00:42] [QUEUE] 2026-01-16_SubWG6_Meeting.m4a → held_at=2026-01-16, meeting_name=SubWG6_Meeting
[2026-03-16 22:00:42] [QUEUE] 2026-01-21_SubWG6_Meeting.m4a → held_at=2026-01-21, meeting_name=SubWG6_Meeting
[2026-03-16 22:00:42] [QUEUE] 2026-02-05_Co-design_Review_Meeting.m4a → held_at=2026-02-05, meeting_name=Co-design_Review_Meeting
[2026-03-16 22:00:42] [QUEUE] 2026-02-12_BenchmarkWG_Meeting.m4a → held_at=2026-02-12, meeting_name=BenchmarkWG_Meeting
[2026-03-16 22:00:42] [QUEUE] 2026-02-16_SubWG1_Meeting.m4a → held_at=2026-02-16, meeting_name=SubWG1_Meeting
[2026-03-16 22:00:42] [QUEUE] 2026-02-18_SubWG8_Meeting.m4a → held_at=2026-02-18, meeting_name=SubWG8_Meeting
[2026-03-16 22:00:42] [QUEUE] 2026-02-19_SubWG1_Meeting.m4a → held_at=2026-02-19, meeting_name=SubWG1_Meeting
[2026-03-16 22:00:42] [QUEUE] 2026-02-24_Co-design_Review_Meeting.m4a → held_at=2026-02-24, meeting_name=Co-design_Review_Meeting
[2026-03-16 22:00:42] [INFO] ai-l40s に空きあり → ai-l40s に投入
[2026-03-16 22:00:42] [SUBMIT] 11 件を1ジョブで投入: '/lvs0/rccs-nghpcadu/hikaru.inoue/ProjectManagement/meetings/processing/2026-01-08_BenchmarkWG_Meeting.m4a' '/lvs0/rccs-nghpcadu/hikaru.inoue/ProjectManagement/meetings/processing/2026-01-08_Co-design_Review_Meeting.m4a' '/lvs0/rccs-nghpcadu/hikaru.inoue/ProjectManagement/meetings/processing/2026-01-14_SubWG3_Meeting.m4a' '/lvs0/rccs-nghpcadu/hikaru.inoue/ProjectManagement/meetings/processing/2026-01-16_SubWG6_Meeting.m4a' '/lvs0/rccs-nghpcadu/hikaru.inoue/ProjectManagement/meetings/processing/2026-01-21_SubWG6_Meeting.m4a' '/lvs0/rccs-nghpcadu/hikaru.inoue/ProjectManagement/meetings/processing/2026-02-05_Co-design_Review_Meeting.m4a' '/lvs0/rccs-nghpcadu/hikaru.inoue/ProjectManagement/meetings/processing/2026-02-12_BenchmarkWG_Meeting.m4a' '/lvs0/rccs-nghpcadu/hikaru.inoue/ProjectManagement/meetings/processing/2026-02-16_SubWG1_Meeting.m4a' '/lvs0/rccs-nghpcadu/hikaru.inoue/ProjectManagement/meetings/processing/2026-02-18_SubWG8_Meeting.m4a' '/lvs0/rccs-nghpcadu/hikaru.inoue/ProjectManagement/meetings/processing/2026-02-19_SubWG1_Meeting.m4a' '/lvs0/rccs-nghpcadu/hikaru.inoue/ProjectManagement/meetings/processing/2026-02-24_Co-design_Review_Meeting.m4a' 
[2026-03-16 22:00:42] Submitted batch job 152331
[2026-03-16 22:00:42] === 完了: 投入=11 件, スキップ=0 件 ===
[2026-03-16 22:02:09] === auto_recording_import 開始 ===
[2026-03-16 22:02:09] [QUEUE] 2026-03-09_Leader_Meeting.m4a → held_at=2026-03-09, meeting_name=Leader_Meeting
[2026-03-16 22:02:09] [QUEUE] 2026-03-16_Leader_Meeting.m4a → held_at=2026-03-16, meeting_name=Leader_Meeting
[2026-03-16 22:02:09] [INFO] ai-l40s に空きあり → ai-l40s に投入
[2026-03-16 22:02:09] [SUBMIT] 2 件を1ジョブで投入: '/lvs0/rccs-nghpcadu/hikaru.inoue/ProjectManagement/data/processing/2026-03-09_Leader_Meeting.m4a' '/lvs0/rccs-nghpcadu/hikaru.inoue/ProjectManagement/data/processing/2026-03-16_Leader_Meeting.m4a' 
[2026-03-16 22:02:09] Submitted batch job 152332
[2026-03-16 22:02:09] === 完了: 投入=2 件, スキップ=0 件 ===
[2026-03-16 22:37:20] === auto_recording_import 開始 ===
[2026-03-16 22:37:20] [QUEUE] 2026-03-09_Leader_Meeting.m4a → held_at=2026-03-09, meeting_name=Leader_Meeting
[2026-03-16 22:37:20] [QUEUE] 2026-03-16_Leader_Meeting.m4a → held_at=2026-03-16, meeting_name=Leader_Meeting
[2026-03-16 22:37:20] [INFO] ai-l40s に空きあり → ai-l40s に投入
[2026-03-16 22:37:20] [SUBMIT] 2 件を1ジョブで投入: '/lvs0/rccs-nghpcadu/hikaru.inoue/ProjectManagement/data/processing/2026-03-09_Leader_Meeting.m4a' '/lvs0/rccs-nghpcadu/hikaru.inoue/ProjectManagement/data/processing/2026-03-16_Leader_Meeting.m4a' 
[2026-03-16 22:37:20] Submitted batch job 152335
[2026-03-16 22:37:20] === 完了: 投入=2 件, スキップ=0 件 ===
[2026-03-17 08:08:24] === auto_recording_import 開始 ===
[2026-03-17 08:08:24] [QUEUE] 2026-03-09_Leader_Meeting.m4a → held_at=2026-03-09, meeting_name=Leader_Meeting
[2026-03-17 08:08:25] [QUEUE] 2026-03-16_Leader_Meeting.m4a → held_at=2026-03-16, meeting_name=Leader_Meeting
[2026-03-17 08:08:25] [INFO] ai-l40s に空きあり → ai-l40s に投入
[2026-03-17 08:08:25] [SUBMIT] 2 件を1ジョブで投入: '/lvs0/rccs-nghpcadu/hikaru.inoue/ProjectManagement/data/processing/2026-03-09_Leader_Meeting.m4a' '/lvs0/rccs-nghpcadu/hikaru.inoue/ProjectManagement/data/processing/2026-03-16_Leader_Meeting.m4a' 
[2026-03-17 08:08:25] Submitted batch job 152381
[2026-03-17 08:08:25] === 完了: 投入=2 件, スキップ=0 件 ===
[2026-03-17 08:17:38] === auto_recording_import 開始 ===
[2026-03-17 08:17:38] [SKIP] 議事録DBにインポート済み（held_at=2026-03-09, meeting=Leader_Meeting）: 2026-03-09_Leader_Meeting.m4a
[2026-03-17 08:17:38] [SKIP] 議事録DBにインポート済み（held_at=2026-03-16, meeting=Leader_Meeting）: 2026-03-16_Leader_Meeting.m4a
[2026-03-17 08:17:38] 投入対象なし（スキップ=2 件）
[2026-03-17 08:17:38] === 完了 ===
[2026-03-17 09:00:01] === auto_recording_import 開始 ===
[2026-03-17 09:00:01] 対象ファイルなし（meetings/*.m4a が存在しません）
[2026-03-17 09:00:01] === 完了 ===
[2026-03-17 10:00:01] === auto_recording_import 開始 ===
[2026-03-17 10:00:01] 対象ファイルなし（meetings/*.m4a が存在しません）
[2026-03-17 10:00:01] === 完了 ===
[2026-03-17 11:00:01] === auto_recording_import 開始 ===
[2026-03-17 11:00:01] 対象ファイルなし（meetings/*.m4a が存在しません）
[2026-03-17 11:00:02] === 完了 ===
[2026-03-17 12:00:01] === auto_recording_import 開始 ===
[2026-03-17 12:00:01] 対象ファイルなし（meetings/*.m4a が存在しません）
[2026-03-17 12:00:01] === 完了 ===
[2026-03-17 13:00:01] === auto_recording_import 開始 ===
[2026-03-17 13:00:01] 対象ファイルなし（meetings/*.m4a が存在しません）
[2026-03-17 13:00:01] === 完了 ===
[2026-03-17 14:00:01] === auto_recording_import 開始 ===
[2026-03-17 14:00:01] 対象ファイルなし（meetings/*.m4a が存在しません）
[2026-03-17 14:00:01] === 完了 ===
[2026-03-17 15:00:02] === auto_recording_import 開始 ===
[2026-03-17 15:00:02] 対象ファイルなし（meetings/*.m4a が存在しません）
[2026-03-17 15:00:02] === 完了 ===
[2026-03-17 16:00:01] === auto_recording_import 開始 ===
[2026-03-17 16:00:01] 対象ファイルなし（meetings/*.m4a が存在しません）
[2026-03-17 16:00:01] === 完了 ===
[2026-03-17 17:00:01] === auto_recording_import 開始 ===
[2026-03-17 17:00:01] 対象ファイルなし（meetings/*.m4a が存在しません）
[2026-03-17 17:00:01] === 完了 ===
[2026-03-17 18:00:01] === auto_recording_import 開始 ===
[2026-03-17 18:00:01] 対象ファイルなし（meetings/*.m4a が存在しません）
[2026-03-17 18:00:01] === 完了 ===
[2026-03-17 19:00:02] === auto_recording_import 開始 ===
[2026-03-17 19:00:02] 対象ファイルなし（meetings/*.m4a が存在しません）
[2026-03-17 19:00:02] === 完了 ===
[2026-03-17 20:00:01] === auto_recording_import 開始 ===
[2026-03-17 20:00:01] 対象ファイルなし（meetings/*.m4a が存在しません）
[2026-03-17 20:00:01] === 完了 ===
[2026-03-17 21:00:01] === auto_recording_import 開始 ===
[2026-03-17 21:00:01] 対象ファイルなし（meetings/*.m4a が存在しません）
[2026-03-17 21:00:01] === 完了 ===
[2026-03-17 22:00:01] === auto_recording_import 開始 ===
[2026-03-17 22:00:01] 対象ファイルなし（meetings/*.m4a が存在しません）
[2026-03-17 22:00:01] === 完了 ===
[2026-03-17 23:00:01] === auto_recording_import 開始 ===
[2026-03-17 23:00:01] 対象ファイルなし（meetings/*.m4a が存在しません）
[2026-03-17 23:00:01] === 完了 ===
[2026-03-18 00:00:01] === auto_recording_import 開始 ===
[2026-03-18 00:00:01] 対象ファイルなし（meetings/*.m4a が存在しません）
[2026-03-18 00:00:01] === 完了 ===
[2026-03-18 01:00:02] === auto_recording_import 開始 ===
[2026-03-18 01:00:02] 対象ファイルなし（meetings/*.m4a が存在しません）
[2026-03-18 01:00:02] === 完了 ===
[2026-03-18 02:00:01] === auto_recording_import 開始 ===
[2026-03-18 02:00:01] 対象ファイルなし（meetings/*.m4a が存在しません）
[2026-03-18 02:00:01] === 完了 ===
[2026-03-18 03:00:02] === auto_recording_import 開始 ===
[2026-03-18 03:00:02] 対象ファイルなし（meetings/*.m4a が存在しません）
[2026-03-18 03:00:02] === 完了 ===
[2026-03-18 04:00:01] === auto_recording_import 開始 ===
[2026-03-18 04:00:01] 対象ファイルなし（meetings/*.m4a が存在しません）
[2026-03-18 04:00:01] === 完了 ===
[2026-03-18 05:00:01] === auto_recording_import 開始 ===
[2026-03-18 05:00:01] 対象ファイルなし（meetings/*.m4a が存在しません）
[2026-03-18 05:00:01] === 完了 ===
[2026-03-18 06:00:01] === auto_recording_import 開始 ===
[2026-03-18 06:00:01] 対象ファイルなし（meetings/*.m4a が存在しません）
[2026-03-18 06:00:01] === 完了 ===
[2026-03-18 07:00:01] === auto_recording_import 開始 ===
[2026-03-18 07:00:01] 対象ファイルなし（meetings/*.m4a が存在しません）
[2026-03-18 07:00:01] === 完了 ===
[2026-03-18 08:00:02] === auto_recording_import 開始 ===
[2026-03-18 08:00:02] 対象ファイルなし（meetings/*.m4a が存在しません）
[2026-03-18 08:00:02] === 完了 ===
[2026-03-18 09:00:01] === auto_recording_import 開始 ===
[2026-03-18 09:00:01] 対象ファイルなし（meetings/*.m4a が存在しません）
[2026-03-18 09:00:01] === 完了 ===
[2026-03-18 10:00:01] === auto_recording_import 開始 ===
[2026-03-18 10:00:01] 対象ファイルなし（meetings/*.m4a が存在しません）
[2026-03-18 10:00:01] === 完了 ===
[2026-03-18 11:00:02] === auto_recording_import 開始 ===
[2026-03-18 11:00:02] 対象ファイルなし（meetings/*.m4a が存在しません）
[2026-03-18 11:00:02] === 完了 ===
[2026-03-18 12:00:01] === auto_recording_import 開始 ===
[2026-03-18 12:00:01] 対象ファイルなし（meetings/*.m4a が存在しません）
[2026-03-18 12:00:01] === 完了 ===
[2026-03-18 13:00:01] === auto_recording_import 開始 ===
[2026-03-18 13:00:01] 対象ファイルなし（meetings/*.m4a が存在しません）
[2026-03-18 13:00:01] === 完了 ===
[2026-03-18 14:00:01] === auto_recording_import 開始 ===
[2026-03-18 14:00:01] 対象ファイルなし（meetings/*.m4a が存在しません）
[2026-03-18 14:00:01] === 完了 ===
[2026-03-18 15:00:02] === auto_recording_import 開始 ===
[2026-03-18 15:00:02] 対象ファイルなし（meetings/*.m4a が存在しません）
[2026-03-18 15:00:02] === 完了 ===
[2026-03-18 16:00:01] === auto_recording_import 開始 ===
[2026-03-18 16:00:01] 対象ファイルなし（meetings/*.m4a が存在しません）
[2026-03-18 16:00:01] === 完了 ===
[2026-03-18 17:00:01] === auto_recording_import 開始 ===
[2026-03-18 17:00:01] 対象ファイルなし（meetings/*.m4a が存在しません）
[2026-03-18 17:00:01] === 完了 ===
[2026-03-18 17:40:27] === auto_recording_import 開始 ===
[2026-03-18 17:40:27] 対象ファイルなし（meetings/*.m4a が存在しません）
[2026-03-18 17:40:27] === 完了 ===
[2026-03-18 17:42:22] === auto_recording_import 開始 ===
[2026-03-18 17:42:22] [SKIP] 議事録DBにインポート済み（held_at=2026-03-16, meeting=Leader_Meeting）: 2026-03-16_Leader_Meeting.m4a
[2026-03-18 17:42:22] 投入対象なし（スキップ=1 件）
[2026-03-18 17:42:22] === 完了 ===
[2026-03-18 17:46:45] === auto_recording_import 開始 ===
[2026-03-18 17:46:46] [SKIP] 議事録DBにインポート済み（held_at=2026-03-16, meeting=Leader_Meeting）: 2026-03-16_Leader_Meeting.m4a
[2026-03-18 17:46:46] 投入対象なし（スキップ=1 件）
[2026-03-18 17:46:46] === 完了 ===
[2026-03-18 17:53:19] === auto_recording_import 開始 ===
[2026-03-18 17:53:20] [SLACK] 議事録DBインポート済み・Slack未投稿 → 直接投稿: 2026-03-09_Leader_Meeting.m4a
[INFO] 会議種別  : Leader_Meeting
[INFO] 開催日    : 2026-03-09
[INFO] 議事録DB  : /lvs0/dne1/rccs-nghpcadu/hikaru.inoue/ProjectManagement/data/minutes
[INFO] 議事録ファイル: /lvs0/dne1/rccs-nghpcadu/hikaru.inoue/ProjectManagement/meetings/2026-03-09_Leader_Meeting.md
[INFO] トークン種別: ユーザートークン (xoxp-)
[INFO] ファイルをアップロード: 2026-03-09_Leader_Meeting.md → チャンネル #C0A9KG036CS
[INFO] ファイルパーマリンク: https://fugakunextfs.slack.com/files/U08MWC731GR/F0AM7EA55K7/2026-03-09_leader_meeting.md
[INFO] instances テーブルを更新しました (meeting_id: GMT20260309-035726_Recording)
[2026-03-18 17:53:23] 投入対象なし（スキップ=1 件）
[2026-03-18 17:53:23] === 完了 ===
[2026-03-18 19:14:39] === auto_recording_import 開始 ===
[2026-03-18 19:14:40] [SKIP] 議事録DBにインポート済み（held_at=2026-03-16, meeting=Leader_Meeting）: 2026-03-16_Leader_Meeting.m4a
[2026-03-18 19:14:40] 投入対象なし（スキップ=1 件）
[2026-03-18 19:14:40] === 完了 ===
[2026-03-18 19:20:34] === auto_recording_import 開始 ===
[2026-03-18 19:20:34] [SLACK] 議事録DBインポート済み・Slack未投稿 → 直接投稿: 2026-03-16_Leader_Meeting.m4a
[ERROR] 2026-03-16 / Leader_Meeting は既にアップロード済みです。
  アップロード日時 : 2026-03-18T16:35:04.903667
  チャンネル       : C0A9KG036CS
再アップロードするには --force を指定してください。
[INFO] 会議種別  : Leader_Meeting
[INFO] 開催日    : 2026-03-16
[INFO] 議事録DB  : /lvs0/dne1/rccs-nghpcadu/hikaru.inoue/ProjectManagement/data/minutes
[2026-03-18 19:22:24] === auto_recording_import 開始 ===
[2026-03-18 19:22:25] [SKIP] 議事録DBにインポート済み（held_at=2026-03-16, meeting=Leader_Meeting）: 2026-03-16_Leader_Meeting.m4a
[2026-03-18 19:22:25] 投入対象なし（スキップ=1 件）
[2026-03-18 19:22:25] === 完了 ===
[2026-03-18 19:27:55] === auto_recording_import 開始 ===
[2026-03-18 19:27:56] [SLACK] 議事録DBインポート済み・Slack未投稿 → 直接投稿: 2026-03-16_Leader_Meeting.m4a
[ERROR] 2026-03-16 / Leader_Meeting は既にアップロード済みです。
  アップロード日時 : 2026-03-18T19:23:25.942371
  チャンネル       : C0A9KG036CS
再アップロードするには --force を指定してください。
[INFO] 会議種別  : Leader_Meeting
[INFO] 開催日    : 2026-03-16
[INFO] 議事録DB  : /lvs0/dne1/rccs-nghpcadu/hikaru.inoue/ProjectManagement/data/minutes
[2026-03-18 19:35:20] === auto_recording_import 開始 ===
[2026-03-18 19:35:21] [SLACK] 議事録DBインポート済み・Slack未投稿 → 直接投稿: 2026-03-09_Leader_Meeting.m4a
[INFO] 会議種別  : Leader_Meeting
[INFO] 開催日    : 2026-03-09
[INFO] 議事録DB  : /lvs0/dne1/rccs-nghpcadu/hikaru.inoue/ProjectManagement/data/minutes
[INFO] 議事録ファイル: /lvs0/dne1/rccs-nghpcadu/hikaru.inoue/ProjectManagement/meetings/2026-03-09_Leader_Meeting.md
[INFO] トークン種別: ユーザートークン (xoxp-)
[INFO] ファイルをアップロード: 2026-03-09_Leader_Meeting.md → チャンネル #C08SXA4M7JT
[INFO] ファイルパーマリンク: https://fugakunextfs.slack.com/files/U08MWC731GR/F0ALW45KYCF/2026-03-09_leader_meeting.md
[INFO] instances テーブルを更新しました (meeting_id: GMT20260309-035726_Recording)
[2026-03-18 19:35:22] 投入対象なし（スキップ=1 件）
[2026-03-18 19:35:22] === 完了 ===
[2026-03-18 20:26:49] === auto_recording_import 開始 ===
[2026-03-18 20:26:49] [SKIP] 議事録DBにインポート済み（held_at=2026-03-09, meeting=Leader_Meeting）: 2026-03-09_Leader_Meeting.m4a
[2026-03-18 20:26:49] 投入対象なし（スキップ=1 件）
[2026-03-18 20:26:49] === 完了 ===
[2026-03-19 18:18:43] === auto_recording_import 開始 ===
[2026-03-19 18:18:43] [QUEUE] 2026-03-19_BenchmarkWG_Meeting.m4a → held_at=2026-03-19, meeting_name=BenchmarkWG_Meeting
[2026-03-19 18:18:43] [INFO] ai-l40s に空きあり → ai-l40s に投入
[2026-03-19 18:18:43] [SUBMIT] 1 件を1ジョブで投入: '/lvs0/rccs-nghpcadu/hikaru.inoue/ProjectManagement/data/processing/2026-03-19_BenchmarkWG_Meeting.m4a' 
[2026-03-19 18:18:43] Submitted batch job 153960
[2026-03-19 18:18:43] === 完了: 投入=1 件, スキップ=0 件 ===
[2026-03-23 15:32:37] === auto_recording_import 開始 ===
[2026-03-23 15:32:38] [QUEUE] 2026-03-23_Leader_Meeting.m4a → held_at=2026-03-23, meeting_name=Leader_Meeting, db=pm.db
[2026-03-23 15:32:38] [INFO] 両パーティション混雑 → デフォルト ai-l40s に投入
[2026-03-23 15:32:38] [SUBMIT] 1 件を1ジョブで投入: '/lvs0/rccs-nghpcadu/hikaru.inoue/ProjectManagement/data/processing/2026-03-23_Leader_Meeting.m4a' 
[2026-03-23 15:32:38] Submitted batch job 154757
[2026-03-23 15:32:38] === 完了: 投入=1 件, スキップ=0 件 ===
[2026-03-23 15:38:56] === auto_recording_import 開始 ===
[2026-03-23 15:38:57] [QUEUE] 2026-03-23_Leader_Meeting.m4a → held_at=2026-03-23, meeting_name=Leader_Meeting, db=pm.db
[2026-03-23 15:38:57] [INFO] qc-gh200 に空きあり → qc-gh200 に投入
[2026-03-23 15:38:57] [SUBMIT] 1 件を1ジョブで投入: '/lvs0/rccs-nghpcadu/hikaru.inoue/ProjectManagement/data/processing/2026-03-23_Leader_Meeting.m4a' 
[2026-03-23 15:38:57] Submitted batch job 154760
[2026-03-23 15:38:57] === 完了: 投入=1 件, スキップ=0 件 ===
[2026-03-23 15:47:28] === auto_recording_import 開始 ===
[2026-03-23 15:47:28] [QUEUE] 2026-03-23_Leader_Meeting.m4a → held_at=2026-03-23, meeting_name=Leader_Meeting, db=pm.db
[2026-03-23 15:47:28] [INFO] ai-h100l-pu に空きあり → ai-h100l-pu に投入
[2026-03-23 15:47:28] [SUBMIT] 1 件を1ジョブで投入: '/lvs0/rccs-nghpcadu/hikaru.inoue/ProjectManagement/data/processing/2026-03-23_Leader_Meeting.m4a' 
[2026-03-23 15:47:28] Submitted batch job 154761
[2026-03-23 15:47:28] === 完了: 投入=1 件, スキップ=0 件 ===
